{"C:\\Work\\OSPanel\\domains\\darwin-ui-kit\\src\\index.ts": {"path":"C:\\Work\\OSPanel\\domains\\darwin-ui-kit\\src\\index.ts","statementMap":{"0":{"start":{"line":2,"column":0},"end":{"line":2,"column":null}}},"fnMap":{},"branchMap":{},"s":{"0":1},"f":{},"b":{}}
,"C:\\Work\\OSPanel\\domains\\darwin-ui-kit\\src\\components\\constants.ts": {"path":"C:\\Work\\OSPanel\\domains\\darwin-ui-kit\\src\\components\\constants.ts","statementMap":{"0":{"start":{"line":4,"column":33},"end":{"line":4,"column":null}},"1":{"start":{"line":10,"column":32},"end":{"line":10,"column":null}}},"fnMap":{},"branchMap":{},"s":{"0":1,"1":1},"f":{},"b":{}}
,"C:\\Work\\OSPanel\\domains\\darwin-ui-kit\\src\\components\\containers\\d-typography\\index.tsx": {"path":"C:\\Work\\OSPanel\\domains\\darwin-ui-kit\\src\\components\\containers\\d-typography\\index.tsx","statementMap":{"0":{"start":{"line":1,"column":0},"end":{"line":1,"column":null}},"1":{"start":{"line":7,"column":0},"end":{"line":7,"column":null}},"2":{"start":{"line":13,"column":0},"end":{"line":13,"column":null}},"3":{"start":{"line":14,"column":0},"end":{"line":14,"column":null}},"4":{"start":{"line":16,"column":15},"end":{"line":16,"column":31}},"5":{"start":{"line":27,"column":25},"end":{"line":27,"column":null}},"6":{"start":{"line":28,"column":22},"end":{"line":28,"column":null}},"7":{"start":{"line":33,"column":4},"end":{"line":33,"column":11}},"8":{"start":{"line":33,"column":11},"end":{"line":33,"column":12}}},"fnMap":{"0":{"name":"(anonymous_1)","decl":{"start":{"line":26,"column":2},"end":{"line":26,"column":8}},"loc":{"start":{"line":26,"column":8},"end":{"line":38,"column":null}}},"1":{"name":"(anonymous_2)","decl":{"start":{"line":33,"column":11},"end":{"line":33,"column":12}},"loc":{"start":{"line":33,"column":11},"end":{"line":33,"column":12}}}},"branchMap":{"0":{"loc":{"start":{"line":33,"column":11},"end":{"line":33,"column":12}},"type":"cond-expr","locations":[{"start":{"line":33,"column":11},"end":{"line":33,"column":12}},{"start":{"line":33,"column":11},"end":{"line":33,"column":12}}]}},"s":{"0":1,"1":1,"2":1,"3":1,"4":1,"5":2,"6":2,"7":2,"8":1},"f":{"0":2,"1":1},"b":{"0":[1,2]}}
,"C:\\Work\\OSPanel\\domains\\darwin-ui-kit\\src\\prop-factories\\content.ts": {"path":"C:\\Work\\OSPanel\\domains\\darwin-ui-kit\\src\\prop-factories\\content.ts","statementMap":{"0":{"start":{"line":8,"column":2},"end":{"line":8,"column":9}}},"fnMap":{"0":{"name":"generateContentProp","decl":{"start":{"line":5,"column":24},"end":{"line":5,"column":44}},"loc":{"start":{"line":5,"column":70},"end":{"line":18,"column":null}}}},"branchMap":{"0":{"loc":{"start":{"line":5,"column":68},"end":{"line":5,"column":70}},"type":"default-arg","locations":[{"start":{"line":5,"column":68},"end":{"line":5,"column":70}}]}},"s":{"0":1},"f":{"0":1},"b":{"0":[1]}}
,"C:\\Work\\OSPanel\\domains\\darwin-ui-kit\\src\\prop-factories\\index.ts": {"path":"C:\\Work\\OSPanel\\domains\\darwin-ui-kit\\src\\prop-factories\\index.ts","statementMap":{"0":{"start":{"line":1,"column":0},"end":{"line":1,"column":null}},"1":{"start":{"line":2,"column":0},"end":{"line":2,"column":null}},"2":{"start":{"line":3,"column":0},"end":{"line":3,"column":null}}},"fnMap":{},"branchMap":{},"s":{"0":1,"1":1,"2":1},"f":{},"b":{}}
,"C:\\Work\\OSPanel\\domains\\darwin-ui-kit\\src\\prop-factories\\tag-name.ts": {"path":"C:\\Work\\OSPanel\\domains\\darwin-ui-kit\\src\\prop-factories\\tag-name.ts","statementMap":{"0":{"start":{"line":2,"column":0},"end":{"line":2,"column":null}},"1":{"start":{"line":9,"column":2},"end":{"line":9,"column":9}}},"fnMap":{"0":{"name":"generateTagNameProp","decl":{"start":{"line":6,"column":24},"end":{"line":6,"column":null}},"loc":{"start":{"line":7,"column":47},"end":{"line":19,"column":null}}}},"branchMap":{"0":{"loc":{"start":{"line":7,"column":26},"end":{"line":7,"column":47}},"type":"default-arg","locations":[{"start":{"line":7,"column":26},"end":{"line":7,"column":47}}]}},"s":{"0":1,"1":1},"f":{"0":1},"b":{"0":[1]}}
,"C:\\Work\\OSPanel\\domains\\darwin-ui-kit\\src\\prop-factories\\typography-size.ts": {"path":"C:\\Work\\OSPanel\\domains\\darwin-ui-kit\\src\\prop-factories\\typography-size.ts","statementMap":{"0":{"start":{"line":2,"column":0},"end":{"line":2,"column":null}},"1":{"start":{"line":9,"column":2},"end":{"line":9,"column":9}}},"fnMap":{"0":{"name":"generateTypographySizeProp","decl":{"start":{"line":6,"column":24},"end":{"line":6,"column":null}},"loc":{"start":{"line":7,"column":57},"end":{"line":21,"column":null}}}},"branchMap":{"0":{"loc":{"start":{"line":7,"column":33},"end":{"line":7,"column":57}},"type":"default-arg","locations":[{"start":{"line":7,"column":33},"end":{"line":7,"column":57}}]}},"s":{"0":1,"1":1},"f":{"0":1},"b":{"0":[1]}}
}
