{"C:\\Work\\OSPanel\\domains\\darwin-ui-kit\\src\\index.ts": {"path":"C:\\Work\\OSPanel\\domains\\darwin-ui-kit\\src\\index.ts","statementMap":{"0":{"start":{"line":2,"column":0},"end":{"line":2,"column":null}}},"fnMap":{},"branchMap":{},"s":{"0":1},"f":{},"b":{}}
,"C:\\Work\\OSPanel\\domains\\darwin-ui-kit\\src\\components\\constants.ts": {"path":"C:\\Work\\OSPanel\\domains\\darwin-ui-kit\\src\\components\\constants.ts","statementMap":{"0":{"start":{"line":4,"column":33},"end":{"line":4,"column":null}},"1":{"start":{"line":10,"column":32},"end":{"line":10,"column":null}}},"fnMap":{},"branchMap":{},"s":{"0":1,"1":1},"f":{},"b":{}}
,"C:\\Work\\OSPanel\\domains\\darwin-ui-kit\\src\\components\\containers\\d-typography\\index.tsx": {"path":"C:\\Work\\OSPanel\\domains\\darwin-ui-kit\\src\\components\\containers\\d-typography\\index.tsx","statementMap":{"0":{"start":{"line":1,"column":0},"end":{"line":1,"column":null}},"1":{"start":{"line":2,"column":0},"end":{"line":2,"column":null}},"2":{"start":{"line":8,"column":0},"end":{"line":8,"column":null}},"3":{"start":{"line":14,"column":0},"end":{"line":14,"column":null}},"4":{"start":{"line":15,"column":0},"end":{"line":15,"column":null}},"5":{"start":{"line":17,"column":15},"end":{"line":17,"column":31}},"6":{"start":{"line":31,"column":25},"end":{"line":31,"column":null}},"7":{"start":{"line":32,"column":22},"end":{"line":32,"column":null}},"8":{"start":{"line":37,"column":4},"end":{"line":37,"column":11}},"9":{"start":{"line":37,"column":11},"end":{"line":37,"column":12}}},"fnMap":{"0":{"name":"(anonymous_1)","decl":{"start":{"line":30,"column":2},"end":{"line":30,"column":8}},"loc":{"start":{"line":30,"column":8},"end":{"line":42,"column":null}}},"1":{"name":"(anonymous_2)","decl":{"start":{"line":37,"column":11},"end":{"line":37,"column":12}},"loc":{"start":{"line":37,"column":11},"end":{"line":37,"column":12}}}},"branchMap":{"0":{"loc":{"start":{"line":37,"column":11},"end":{"line":37,"column":12}},"type":"cond-expr","locations":[{"start":{"line":37,"column":11},"end":{"line":37,"column":12}},{"start":{"line":37,"column":11},"end":{"line":37,"column":12}}]}},"s":{"0":1,"1":1,"2":1,"3":1,"4":1,"5":1,"6":2,"7":2,"8":2,"9":1},"f":{"0":2,"1":1},"b":{"0":[1,2]}}
,"C:\\Work\\OSPanel\\domains\\darwin-ui-kit\\src\\mixins\\index.ts": {"path":"C:\\Work\\OSPanel\\domains\\darwin-ui-kit\\src\\mixins\\index.ts","statementMap":{"0":{"start":{"line":1,"column":0},"end":{"line":1,"column":null}}},"fnMap":{},"branchMap":{},"s":{"0":2},"f":{},"b":{}}
,"C:\\Work\\OSPanel\\domains\\darwin-ui-kit\\src\\mixins\\link-href-routing.ts": {"path":"C:\\Work\\OSPanel\\domains\\darwin-ui-kit\\src\\mixins\\link-href-routing.ts","statementMap":{"0":{"start":{"line":1,"column":0},"end":{"line":1,"column":null}},"1":{"start":{"line":2,"column":0},"end":{"line":2,"column":null}},"2":{"start":{"line":8,"column":15},"end":{"line":8,"column":31}},"3":{"start":{"line":10,"column":4},"end":{"line":10,"column":11}},"4":{"start":{"line":21,"column":4},"end":{"line":23,"column":null}},"5":{"start":{"line":22,"column":6},"end":{"line":22,"column":11}},"6":{"start":{"line":27,"column":4},"end":{"line":29,"column":null}},"7":{"start":{"line":28,"column":6},"end":{"line":28,"column":11}},"8":{"start":{"line":33,"column":4},"end":{"line":36,"column":null}},"9":{"start":{"line":34,"column":6},"end":{"line":34,"column":11}},"10":{"start":{"line":35,"column":6},"end":{"line":35,"column":12}},"11":{"start":{"line":44,"column":28},"end":{"line":44,"column":null}},"12":{"start":{"line":45,"column":6},"end":{"line":61,"column":null}},"13":{"start":{"line":46,"column":21},"end":{"line":46,"column":34}},"14":{"start":{"line":47,"column":23},"end":{"line":47,"column":36}},"15":{"start":{"line":49,"column":8},"end":{"line":60,"column":null}},"16":{"start":{"line":50,"column":10},"end":{"line":50,"column":15}},"17":{"start":{"line":51,"column":10},"end":{"line":59,"column":null}},"18":{"start":{"line":52,"column":12},"end":{"line":52,"column":18}},"19":{"start":{"line":54,"column":12},"end":{"line":54,"column":null}},"20":{"start":{"line":65,"column":6},"end":{"line":65,"column":11}},"21":{"start":{"line":67,"column":6},"end":{"line":69,"column":null}},"22":{"start":{"line":67,"column":19},"end":{"line":67,"column":22}},"23":{"start":{"line":68,"column":8},"end":{"line":68,"column":13}},"24":{"start":{"line":73,"column":6},"end":{"line":75,"column":null}},"25":{"start":{"line":73,"column":19},"end":{"line":73,"column":22}},"26":{"start":{"line":74,"column":8},"end":{"line":74,"column":13}},"27":{"start":{"line":76,"column":6},"end":{"line":76,"column":11}}},"fnMap":{"0":{"name":"(anonymous_0)","decl":{"start":{"line":9,"column":2},"end":{"line":9,"column":6}},"loc":{"start":{"line":9,"column":6},"end":{"line":18,"column":null}}},"1":{"name":"(anonymous_1)","decl":{"start":{"line":15,"column":14},"end":{"line":15,"column":19}},"loc":{"start":{"line":15,"column":19},"end":{"line":15,"column":null}}},"2":{"name":"(anonymous_2)","decl":{"start":{"line":20,"column":2},"end":{"line":20,"column":9}},"loc":{"start":{"line":20,"column":9},"end":{"line":24,"column":null}}},"3":{"name":"(anonymous_3)","decl":{"start":{"line":26,"column":2},"end":{"line":26,"column":15}},"loc":{"start":{"line":26,"column":15},"end":{"line":30,"column":null}}},"4":{"name":"(anonymous_4)","decl":{"start":{"line":32,"column":2},"end":{"line":32,"column":8}},"loc":{"start":{"line":32,"column":15},"end":{"line":37,"column":null}}},"5":{"name":"(anonymous_5)","decl":{"start":{"line":43,"column":4},"end":{"line":43,"column":10}},"loc":{"start":{"line":43,"column":36},"end":{"line":62,"column":null}}},"6":{"name":"(anonymous_6)","decl":{"start":{"line":64,"column":4},"end":{"line":64,"column":16}},"loc":{"start":{"line":64,"column":16},"end":{"line":70,"column":null}}},"7":{"name":"(anonymous_7)","decl":{"start":{"line":72,"column":4},"end":{"line":72,"column":19}},"loc":{"start":{"line":72,"column":19},"end":{"line":77,"column":null}}}},"branchMap":{"0":{"loc":{"start":{"line":21,"column":4},"end":{"line":23,"column":null}},"type":"if","locations":[{"start":{"line":21,"column":4},"end":{"line":23,"column":null}},{"start":{"line":21,"column":4},"end":{"line":23,"column":null}}]},"1":{"loc":{"start":{"line":27,"column":4},"end":{"line":29,"column":null}},"type":"if","locations":[{"start":{"line":27,"column":4},"end":{"line":29,"column":null}},{"start":{"line":27,"column":4},"end":{"line":29,"column":null}}]},"2":{"loc":{"start":{"line":33,"column":4},"end":{"line":36,"column":null}},"type":"if","locations":[{"start":{"line":33,"column":4},"end":{"line":36,"column":null}},{"start":{"line":33,"column":4},"end":{"line":36,"column":null}}]},"3":{"loc":{"start":{"line":45,"column":6},"end":{"line":61,"column":null}},"type":"if","locations":[{"start":{"line":45,"column":6},"end":{"line":61,"column":null}},{"start":{"line":45,"column":6},"end":{"line":61,"column":null}}]},"4":{"loc":{"start":{"line":49,"column":8},"end":{"line":60,"column":null}},"type":"if","locations":[{"start":{"line":49,"column":8},"end":{"line":60,"column":null}},{"start":{"line":49,"column":8},"end":{"line":60,"column":null}}]},"5":{"loc":{"start":{"line":49,"column":12},"end":{"line":49,"column":16}},"type":"binary-expr","locations":[{"start":{"line":49,"column":12},"end":{"line":49,"column":16}},{"start":{"line":49,"column":20},"end":{"line":49,"column":39}},{"start":{"line":49,"column":39},"end":{"line":49,"column":60}}]}},"s":{"0":2,"1":2,"2":2,"3":4,"4":4,"5":4,"6":0,"7":0,"8":0,"9":0,"10":0,"11":2,"12":2,"13":2,"14":2,"15":2,"16":2,"17":2,"18":2,"19":1,"20":4,"21":4,"22":4,"23":2,"24":0,"25":0,"26":0,"27":0},"f":{"0":4,"1":0,"2":4,"3":0,"4":0,"5":2,"6":4,"7":0},"b":{"0":[4,0],"1":[0,0],"2":[0,0],"3":[2,0],"4":[2,0],"5":[2,2,2]}}
,"C:\\Work\\OSPanel\\domains\\darwin-ui-kit\\src\\prop-factories\\content.ts": {"path":"C:\\Work\\OSPanel\\domains\\darwin-ui-kit\\src\\prop-factories\\content.ts","statementMap":{"0":{"start":{"line":8,"column":2},"end":{"line":8,"column":9}}},"fnMap":{"0":{"name":"generateContentProp","decl":{"start":{"line":5,"column":24},"end":{"line":5,"column":44}},"loc":{"start":{"line":5,"column":70},"end":{"line":18,"column":null}}}},"branchMap":{"0":{"loc":{"start":{"line":5,"column":68},"end":{"line":5,"column":70}},"type":"default-arg","locations":[{"start":{"line":5,"column":68},"end":{"line":5,"column":70}}]}},"s":{"0":1},"f":{"0":1},"b":{"0":[1]}}
,"C:\\Work\\OSPanel\\domains\\darwin-ui-kit\\src\\prop-factories\\index.ts": {"path":"C:\\Work\\OSPanel\\domains\\darwin-ui-kit\\src\\prop-factories\\index.ts","statementMap":{"0":{"start":{"line":1,"column":0},"end":{"line":1,"column":null}},"1":{"start":{"line":2,"column":0},"end":{"line":2,"column":null}},"2":{"start":{"line":3,"column":0},"end":{"line":3,"column":null}}},"fnMap":{},"branchMap":{},"s":{"0":1,"1":1,"2":1},"f":{},"b":{}}
,"C:\\Work\\OSPanel\\domains\\darwin-ui-kit\\src\\prop-factories\\tag-name.ts": {"path":"C:\\Work\\OSPanel\\domains\\darwin-ui-kit\\src\\prop-factories\\tag-name.ts","statementMap":{"0":{"start":{"line":2,"column":0},"end":{"line":2,"column":null}},"1":{"start":{"line":9,"column":2},"end":{"line":9,"column":9}}},"fnMap":{"0":{"name":"generateTagNameProp","decl":{"start":{"line":6,"column":24},"end":{"line":6,"column":null}},"loc":{"start":{"line":7,"column":47},"end":{"line":19,"column":null}}}},"branchMap":{"0":{"loc":{"start":{"line":7,"column":26},"end":{"line":7,"column":47}},"type":"default-arg","locations":[{"start":{"line":7,"column":26},"end":{"line":7,"column":47}}]}},"s":{"0":1,"1":1},"f":{"0":1},"b":{"0":[1]}}
,"C:\\Work\\OSPanel\\domains\\darwin-ui-kit\\src\\prop-factories\\typography-size.ts": {"path":"C:\\Work\\OSPanel\\domains\\darwin-ui-kit\\src\\prop-factories\\typography-size.ts","statementMap":{"0":{"start":{"line":2,"column":0},"end":{"line":2,"column":null}},"1":{"start":{"line":9,"column":2},"end":{"line":9,"column":9}}},"fnMap":{"0":{"name":"generateTypographySizeProp","decl":{"start":{"line":6,"column":24},"end":{"line":6,"column":null}},"loc":{"start":{"line":7,"column":57},"end":{"line":21,"column":null}}}},"branchMap":{"0":{"loc":{"start":{"line":7,"column":33},"end":{"line":7,"column":57}},"type":"default-arg","locations":[{"start":{"line":7,"column":33},"end":{"line":7,"column":57}}]}},"s":{"0":1,"1":1},"f":{"0":1},"b":{"0":[1]}}
,"C:\\Work\\OSPanel\\domains\\darwin-ui-kit\\src\\utils\\console-log.ts": {"path":"C:\\Work\\OSPanel\\domains\\darwin-ui-kit\\src\\utils\\console-log.ts","statementMap":{"0":{"start":{"line":1,"column":25},"end":{"line":1,"column":null}},"1":{"start":{"line":19,"column":2},"end":{"line":19,"column":9}},"2":{"start":{"line":23,"column":2},"end":{"line":23,"column":9}}},"fnMap":{"0":{"name":"consoleLog","decl":{"start":{"line":15,"column":24},"end":{"line":15,"column":null}},"loc":{"start":{"line":17,"column":37},"end":{"line":20,"column":null}}},"1":{"name":"getConsoleLogPrefix","decl":{"start":{"line":22,"column":16},"end":{"line":22,"column":36}},"loc":{"start":{"line":22,"column":55},"end":{"line":24,"column":null}}}},"branchMap":{"0":{"loc":{"start":{"line":17,"column":24},"end":{"line":17,"column":37}},"type":"default-arg","locations":[{"start":{"line":17,"column":24},"end":{"line":17,"column":37}}]}},"s":{"0":5,"1":4,"2":7},"f":{"0":4,"1":7},"b":{"0":[1]}}
,"C:\\Work\\OSPanel\\domains\\darwin-ui-kit\\src\\utils\\index.ts": {"path":"C:\\Work\\OSPanel\\domains\\darwin-ui-kit\\src\\utils\\index.ts","statementMap":{"0":{"start":{"line":1,"column":0},"end":{"line":1,"column":null}},"1":{"start":{"line":2,"column":0},"end":{"line":2,"column":null}},"2":{"start":{"line":3,"column":0},"end":{"line":3,"column":null}}},"fnMap":{},"branchMap":{},"s":{"0":5,"1":5,"2":5},"f":{},"b":{}}
,"C:\\Work\\OSPanel\\domains\\darwin-ui-kit\\src\\utils\\is-router-available.ts": {"path":"C:\\Work\\OSPanel\\domains\\darwin-ui-kit\\src\\utils\\is-router-available.ts","statementMap":{"0":{"start":{"line":2,"column":2},"end":{"line":7,"column":null}},"1":{"start":{"line":3,"column":4},"end":{"line":3,"column":11}},"2":{"start":{"line":4,"column":4},"end":{"line":4,"column":11}},"3":{"start":{"line":6,"column":4},"end":{"line":6,"column":11}}},"fnMap":{"0":{"name":"isRouterAvailable","decl":{"start":{"line":1,"column":24},"end":{"line":1,"column":41}},"loc":{"start":{"line":1,"column":41},"end":{"line":8,"column":null}}}},"branchMap":{},"s":{"0":5,"1":5,"2":5,"3":0},"f":{"0":5},"b":{}}
,"C:\\Work\\OSPanel\\domains\\darwin-ui-kit\\src\\utils\\throttle.ts": {"path":"C:\\Work\\OSPanel\\domains\\darwin-ui-kit\\src\\utils\\throttle.ts","statementMap":{"0":{"start":{"line":14,"column":20},"end":{"line":14,"column":null}},"1":{"start":{"line":19,"column":4},"end":{"line":23,"column":null}},"2":{"start":{"line":20,"column":6},"end":{"line":20,"column":15}},"3":{"start":{"line":21,"column":6},"end":{"line":21,"column":15}},"4":{"start":{"line":22,"column":6},"end":{"line":22,"column":null}},"5":{"start":{"line":25,"column":4},"end":{"line":25,"column":8}},"6":{"start":{"line":27,"column":4},"end":{"line":27,"column":15}},"7":{"start":{"line":29,"column":4},"end":{"line":29,"column":14}},"8":{"start":{"line":30,"column":6},"end":{"line":30,"column":17}},"9":{"start":{"line":31,"column":6},"end":{"line":34,"column":null}},"10":{"start":{"line":32,"column":8},"end":{"line":32,"column":15}},"11":{"start":{"line":33,"column":8},"end":{"line":33,"column":17}},"12":{"start":{"line":38,"column":2},"end":{"line":38,"column":9}}},"fnMap":{"0":{"name":"throttle","decl":{"start":{"line":10,"column":24},"end":{"line":10,"column":null}},"loc":{"start":{"line":12,"column":12},"end":{"line":39,"column":null}}},"1":{"name":"wrapper","decl":{"start":{"line":18,"column":11},"end":{"line":18,"column":44}},"loc":{"start":{"line":18,"column":61},"end":{"line":36,"column":null}}},"2":{"name":"(anonymous_2)","decl":{"start":{"line":29,"column":15},"end":{"line":29,"column":null}},"loc":{"start":{"line":29,"column":15},"end":{"line":35,"column":7}}}},"branchMap":{"0":{"loc":{"start":{"line":19,"column":4},"end":{"line":23,"column":null}},"type":"if","locations":[{"start":{"line":19,"column":4},"end":{"line":23,"column":null}},{"start":{"line":19,"column":4},"end":{"line":23,"column":null}}]},"1":{"loc":{"start":{"line":31,"column":6},"end":{"line":34,"column":null}},"type":"if","locations":[{"start":{"line":31,"column":6},"end":{"line":34,"column":null}},{"start":{"line":31,"column":6},"end":{"line":34,"column":null}}]},"2":{"loc":{"start":{"line":32,"column":22},"end":{"line":32,"column":31}},"type":"binary-expr","locations":[{"start":{"line":32,"column":22},"end":{"line":32,"column":31}},{"start":{"line":32,"column":35},"end":{"line":32,"column":39}}]}},"s":{"0":1,"1":8,"2":5,"3":5,"4":5,"5":3,"6":3,"7":3,"8":2,"9":2,"10":2,"11":2,"12":1},"f":{"0":1,"1":8,"2":2},"b":{"0":[5,3],"1":[2,0],"2":[2,2]}}
}
