TN:
SF:C:\Work\OSPanel\domains\darwin-ui-kit\src\index.ts
FNF:0
FNH:0
DA:2,1
LF:1
LH:1
BRF:0
BRH:0
end_of_record
TN:
SF:C:\Work\OSPanel\domains\darwin-ui-kit\src\components\constants.ts
FNF:0
FNH:0
DA:4,1
DA:10,1
LF:2
LH:2
BRF:0
BRH:0
end_of_record
TN:
SF:C:\Work\OSPanel\domains\darwin-ui-kit\src\components\containers\d-typography\index.tsx
FN:30,(anonymous_1)
FN:37,(anonymous_2)
FNF:2
FNH:2
FNDA:2,(anonymous_1)
FNDA:1,(anonymous_2)
DA:1,1
DA:2,1
DA:8,1
DA:14,1
DA:15,1
DA:17,1
DA:31,2
DA:32,2
DA:37,2
LF:9
LH:9
BRDA:37,0,0,1
BRDA:37,0,1,2
BRF:2
BRH:2
end_of_record
TN:
SF:C:\Work\OSPanel\domains\darwin-ui-kit\src\mixins\index.ts
FNF:0
FNH:0
DA:1,2
LF:1
LH:1
BRF:0
BRH:0
end_of_record
TN:
SF:C:\Work\OSPanel\domains\darwin-ui-kit\src\mixins\link-href-routing.ts
FN:9,(anonymous_0)
FN:15,(anonymous_1)
FN:20,(anonymous_2)
FN:26,(anonymous_3)
FN:32,(anonymous_4)
FN:43,(anonymous_5)
FN:64,(anonymous_6)
FN:72,(anonymous_7)
FNF:8
FNH:4
FNDA:4,(anonymous_0)
FNDA:0,(anonymous_1)
FNDA:4,(anonymous_2)
FNDA:0,(anonymous_3)
FNDA:0,(anonymous_4)
FNDA:2,(anonymous_5)
FNDA:4,(anonymous_6)
FNDA:0,(anonymous_7)
DA:1,2
DA:2,2
DA:8,2
DA:10,4
DA:21,4
DA:22,4
DA:27,0
DA:28,0
DA:33,0
DA:34,0
DA:35,0
DA:44,2
DA:45,2
DA:46,2
DA:47,2
DA:49,2
DA:50,2
DA:51,2
DA:52,2
DA:54,1
DA:65,4
DA:67,4
DA:68,2
DA:73,0
DA:74,0
DA:76,0
LF:26
LH:18
BRDA:21,0,0,4
BRDA:21,0,1,0
BRDA:27,1,0,0
BRDA:27,1,1,0
BRDA:33,2,0,0
BRDA:33,2,1,0
BRDA:45,3,0,2
BRDA:45,3,1,0
BRDA:49,4,0,2
BRDA:49,4,1,0
BRDA:49,5,0,2
BRDA:49,5,1,2
BRDA:49,5,2,2
BRF:13
BRH:6
end_of_record
TN:
SF:C:\Work\OSPanel\domains\darwin-ui-kit\src\prop-factories\content.ts
FN:5,generateContentProp
FNF:1
FNH:1
FNDA:1,generateContentProp
DA:8,1
LF:1
LH:1
BRDA:5,0,0,1
BRF:1
BRH:1
end_of_record
TN:
SF:C:\Work\OSPanel\domains\darwin-ui-kit\src\prop-factories\index.ts
FNF:0
FNH:0
DA:1,1
DA:2,1
DA:3,1
LF:3
LH:3
BRF:0
BRH:0
end_of_record
TN:
SF:C:\Work\OSPanel\domains\darwin-ui-kit\src\prop-factories\tag-name.ts
FN:6,generateTagNameProp
FNF:1
FNH:1
FNDA:1,generateTagNameProp
DA:2,1
DA:9,1
LF:2
LH:2
BRDA:7,0,0,1
BRF:1
BRH:1
end_of_record
TN:
SF:C:\Work\OSPanel\domains\darwin-ui-kit\src\prop-factories\typography-size.ts
FN:6,generateTypographySizeProp
FNF:1
FNH:1
FNDA:1,generateTypographySizeProp
DA:2,1
DA:9,1
LF:2
LH:2
BRDA:7,0,0,1
BRF:1
BRH:1
end_of_record
TN:
SF:C:\Work\OSPanel\domains\darwin-ui-kit\src\utils\console-log.ts
FN:15,consoleLog
FN:22,getConsoleLogPrefix
FNF:2
FNH:2
FNDA:4,consoleLog
FNDA:7,getConsoleLogPrefix
DA:1,5
DA:19,4
DA:23,7
LF:3
LH:3
BRDA:17,0,0,1
BRF:1
BRH:1
end_of_record
TN:
SF:C:\Work\OSPanel\domains\darwin-ui-kit\src\utils\index.ts
FNF:0
FNH:0
DA:1,5
DA:2,5
DA:3,5
LF:3
LH:3
BRF:0
BRH:0
end_of_record
TN:
SF:C:\Work\OSPanel\domains\darwin-ui-kit\src\utils\is-router-available.ts
FN:1,isRouterAvailable
FNF:1
FNH:1
FNDA:5,isRouterAvailable
DA:2,5
DA:3,5
DA:4,5
DA:6,0
LF:4
LH:3
BRF:0
BRH:0
end_of_record
TN:
SF:C:\Work\OSPanel\domains\darwin-ui-kit\src\utils\throttle.ts
FN:10,throttle
FN:18,wrapper
FN:29,(anonymous_2)
FNF:3
FNH:3
FNDA:1,throttle
FNDA:8,wrapper
FNDA:2,(anonymous_2)
DA:14,1
DA:19,8
DA:20,5
DA:21,5
DA:22,5
DA:25,3
DA:27,3
DA:29,3
DA:30,2
DA:31,2
DA:32,2
DA:33,2
DA:38,1
LF:13
LH:13
BRDA:19,0,0,5
BRDA:19,0,1,3
BRDA:31,1,0,2
BRDA:31,1,1,0
BRDA:32,2,0,2
BRDA:32,2,1,2
BRF:6
BRH:5
end_of_record
